"frame"	"timestamp"	"original_position"	"position"	"delta_x"	"delta_z"	"left_rotation"	"left_x"	"left_y"	"left_z"	"right_rotation"	"right_x"	"right_y"	"right_z"	"base_opacity"	"left_opacity"	"right_opacity"	"auto_tick"	"auto_duration"	"auto_spacing"	"framerate"	"A_button"	"B_button"	"right_trigger"
0	0	(-1.6, 1.0, 0.0)	(-1.6, 1.0, 0.0)	0	0	(0.0, 0.7, 0.0, 0.8)	0	82.37184	0	(0.0, 0.7, 0.0, 0.8)	0	82.37184	0	1	1	1	False	0	0	226.5318	False	False	0
28	1	(-1.6, 1.0, 0.0)	(-1.6, 1.0, 0.0)	0.00924921	0	(0.0, 0.7, 0.0, 0.8)	0	82.37184	0	(0.0, 0.7, 0.0, 0.8)	0	82.37184	0	1	1	1	False	0	0	28.65071	False	False	0
55	2	(-1.6, 1.0, 0.0)	(-1.6, 1.0, 0.0)	0.01310086	0	(0.0, 0.7, 0.0, 0.8)	0	82.37184	0	(0.0, 0.7, 0.0, 0.8)	0	82.37184	0	1	1	1	False	0	0	27.36493	False	False	0
83	3	(-1.6, 1.0, 0.0)	(-1.6, 1.0, 0.0)	0.01483297	0	(0.0, 0.7, 0.0, 0.8)	0	82.37184	0	(0.0, 0.7, 0.0, 0.8)	0	82.37184	0	1	1	1	False	0	0	27.24525	False	False	0
110	4	(-1.6, 1.0, 0.0)	(-1.6, 1.0, 0.0)	0.01555443	0	(0.0, 0.7, 0.0, 0.8)	0	82.37184	0	(0.0, 0.7, 0.0, 0.8)	0	82.37184	0	1	1	1	False	0	0	27.53275	False	False	0
137	5	(-1.6, 1.0, 0.0)	(-1.6, 1.0, 0.0)	0.01587105	0	(0.0, 0.7, 0.0, 0.7)	0	90	0	(0.0, 0.7, 0.0, 0.7)	0	90	0	1	1	1	False	0	0	26.90519	False	False	0
164	6	(-1.6, 1.0, 0.0)	(-1.6, 1.0, 0.0)	0.01601005	0	(0.0, 0.8, -0.1, 0.6)	9.114958	105.7086	-6.911194	(0.0, 0.8, -0.1, 0.6)	9.114958	105.7086	353.0888	1	1	1	False	0	0	26.50439	False	False	0
194	7	(-1.6, 1.0, 0.0)	(-1.6, 1.0, 0.0)	0.01607537	0	(0.2, 0.8, -0.3, 0.6)	39.58097	105.3128	-2.632416	(0.2, 0.8, -0.3, 0.6)	39.58097	105.3128	357.3676	1	1	1	False	0	0	32.75756	False	False	0
227	8	(-1.6, 1.0, 0.0)	(-1.6, 1.0, 0.0)	0.01610303	0	(0.0, 0.9, -0.1, 0.5)	9.684594	121.4296	-5.440308	(0.0, 0.9, -0.1, 0.5)	9.684594	121.4296	354.5597	1	1	1	False	0	0	31.88832	False	False	0
257	9	(-1.6, 1.0, 0.0)	(-1.8, 1.0, 0.0)	0.1709367	0	(0.0, 0.9, -0.1, 0.5)	9.684594	121.4296	-5.440308	(0.0, 0.9, -0.1, 0.5)	9.684594	121.4296	354.5597	1	1	1	False	0	0	30.14356	False	False	0
288	10	(-1.6, 1.0, 0.0)	(-1.6, 1.0, 0.0)	0.01175737	0	(0.2, 0.7, -0.2, 0.7)	31.89079	90	0	(0.2, 0.7, -0.2, 0.7)	31.89079	90	0	1	1	1	False	0	0	32.42678	False	False	0
321	11	(-1.6, 1.0, 0.0)	(-0.9, 1.0, 0.0)	0.6928126	0	(0.0, 0.6, 0.0, 0.8)	0	73.73979	0	(0.0, 0.6, 0.0, 0.8)	0	73.73979	0	1	0.6561	0.6561	False	0	0	30.4913	False	True	0
349	12	(-1.6, 1.0, 0.0)	(-0.2, 1.0, 0.0)	1.3669	0	(0.0, 0.7, 0.0, 0.8)	0	82.37184	0	(0.0, 0.7, 0.0, 0.8)	0	82.37184	0	1	0.2835366	0.2835366	False	0	0	28.6414	False	True	0
376	13	(-1.6, 1.0, 0.0)	(0.2, 1.0, 0.0)	1.793696	0	(0.0, 0.7, 0.0, 0.7)	0	90	0	(0.0, 0.7, 0.0, 0.7)	0	90	0	1	0.01648758	0.01648758	False	0	0	26.29632	False	True	0
404	14	(-1.6, 1.0, 0.0)	(0.4, 1.0, 0.0)	1.985629	0	(0.0, 0.7, 0.0, 0.7)	0	90	0	(0.0, 0.7, 0.0, 0.7)	0	90	0	1	0.9210964	0.9210964	False	0	0	27.51307	False	False	0
431	15	(-1.6, 1.0, 0.0)	(0.5, 1.0, 0.0)	2.065551	0	(0.0, 0.7, 0.0, 0.8)	0	82.37184	0	(0.0, 0.7, 0.0, 0.8)	0	82.37184	0	1	1	1	False	0	0	27.58686	False	False	0
458	16	(-1.6, 1.0, 0.0)	(0.5, 1.0, 0.0)	2.100667	0	(0.0, 0.7, 0.0, 0.7)	0	90	0	(0.0, 0.7, 0.0, 0.7)	0	90	0	1	0.2287679	0.2287679	False	0	0	26.05451	False	True	0
484	17	(-1.6, 1.0, 0.0)	(0.5, 1.0, 0.0)	2.115722	0	(0.0, 0.7, 0.0, 0.7)	0	90	0	(0.0, 0.7, 0.0, 0.7)	0	90	0	1	0.01478088	0.01478088	False	0	0	25.5686	False	True	0
512	18	(-1.6, 1.0, 0.0)	(0.5, 1.0, 0.0)	2.122875	0	(0.2, 0.7, -0.1, 0.7)	24.06464	91.82797	8.560891	(0.2, 0.7, -0.1, 0.7)	24.06464	91.82797	8.560891	1	0.0007735539	0.0007735539	False	0	0	26.76167	False	True	0
540	19	(-1.6, 1.0, 0.0)	(0.5, 1.0, 0.0)	2.125924	0	(0.0, 0.7, 0.0, 0.7)	0	90	0	(0.0, 0.7, 0.0, 0.7)	0	90	0	1	4.048376E-05	4.048376E-05	False	0	0	29.2466	False	True	0
569	20	(-1.6, 1.0, 0.0)	(0.5, 1.0, 0.0)	2.127252	0	(0.0, 0.7, 0.0, 0.8)	0	82.37184	0	(0.0, 0.7, 0.0, 0.8)	0	82.37184	0	1	0.9476672	0.9476672	False	0	0	28.66593	False	False	0
596	21	(-1.6, 1.0, 0.0)	(0.5, 1.0, 0.0)	2.127777	0	(0.0, 0.6, 0.0, 0.8)	0	73.73979	0	(0.0, 0.6, 0.0, 0.8)	0	73.73979	0	1	1	1	False	0	0	28.11726	False	False	0
623	22	(-1.6, 1.0, 0.0)	(0.5, 1.0, 0.0)	2.128007	0	(0.0, 0.7, 0.0, 0.7)	0	90	0	(0.0, 0.7, 0.0, 0.7)	0	90	0	1	1	1	False	0	0	27.36395	False	False	0
651	23	(-1.6, 1.0, 0.0)	(0.5, 1.0, 0.0)	2.128111	0	(0.0, 0.7, 0.0, 0.7)	0	90	0	(0.0, 0.7, 0.0, 0.7)	0	90	0	1	1	1	False	0	0	28.42295	False	False	0
679	24	(-1.6, 1.0, 0.0)	(0.5, 1.0, 0.0)	2.128155	0	(0.0, 0.6, 0.0, 0.8)	0	73.73979	0	(0.0, 0.6, 0.0, 0.8)	0	73.73979	0	1	1	1	False	0	0	27.09636	False	False	0
706	25	(-1.6, 1.0, 0.0)	(0.5, 1.0, 0.0)	2.128174	0	(0.0, 0.7, 0.0, 0.7)	0	90	0	(0.0, 0.7, 0.0, 0.7)	0	90	0	1	1	1	False	0	0	28.18569	False	False	0
734	26	(-1.6, 1.0, 0.0)	(0.5, 1.0, 0.0)	2.083013	0	(0.0, 0.7, 0.0, 0.7)	0	90	0	(0.0, 0.7, 0.0, 0.7)	0	90	0	1	0.06461081	0.06461081	False	0	0	27.96201	False	True	0
762	27	(-1.6, 1.0, 0.0)	(0.2, 1.0, 0.0)	1.812139	0	(0.0, 0.7, 0.0, 0.7)	0	90	0	(0.0, 0.7, 0.0, 0.7)	0	90	0	1	0.8180794	0.8180794	False	0	0	27.042	False	False	0
789	28	(-1.6, 1.0, 0.0)	(0.1, 1.0, 0.0)	1.699346	0	(0.0, 0.8, 0.0, 0.6)	0	106.2602	0	(0.0, 0.8, 0.0, 0.6)	0	106.2602	0	1	1	1	False	0	0	27.37099	False	False	0
819	29	(-1.6, 1.0, 0.0)	(0.0, 1.0, 0.0)	1.646395	0	(0.0, 1.0, 0.0, 0.2)	0	157.3801	0	(0.0, 1.0, 0.0, 0.2)	0	157.3801	0	1	1	1	False	0	0	32.07033	False	False	0
850	30	(-1.6, 1.0, 0.0)	(0.0, 1.0, 0.0)	1.656417	0.0006465521	(-0.1, 0.9, 0.2, 0.5)	-24.48242	121.6446	1.134422	(-0.1, 0.9, 0.2, 0.5)	335.5176	121.6446	1.134422	1	1	1	False	0	0	28.90574	False	False	0
894	31	(-1.6, 1.0, 0.0)	(0.5, 1.0, 0.0)	2.163846	0.01478584	(0.0, 0.4, 0.0, 0.9)	0	47.92498	0	(0.0, 0.4, 0.0, 0.9)	0	47.92498	0	1	1	1	False	0	0	45.23442	False	False	0
958	32	(-1.6, 1.0, 0.0)	(-5.8, 1.0, 0.0)	4.194525	0.01510494	(0.1, 0.1, 0.0, 1.0)	11.30773	11.53462	1.145763	(0.1, 0.1, 0.0, 1.0)	11.30773	11.53462	1.145763	1	1	1	False	0	0	60.76687	False	False	0
1003	33	(-1.6, 1.0, 0.0)	(-6.2, 1.0, 0.0)	4.622643	0.0038357	(0.2, 0.6, -0.1, 0.8)	24.77447	74.79758	4.81355	(0.2, 0.6, -0.1, 0.8)	24.77447	74.79758	4.81355	1	1	1	False	0	0	38.40267	False	False	0
1045	34	(-1.6, 1.0, 0.0)	(-6.3, 1.0, 0.0)	4.727818	0.001067206	(0.1, 0.7, -0.1, 0.7)	16.26021	90.00001	0	(0.1, 0.7, -0.1, 0.7)	16.26021	90.00001	0	1	0.4304672	0.4304672	False	0	0	39.19255	False	True	0
1084	35	(-1.6, 1.0, 0.0)	(-5.6, 1.0, 0.0)	4.006927	0.0003253296	(-0.1, 0.7, 0.2, 0.6)	-26.38779	97.12501	7.125018	(-0.1, 0.7, 0.2, 0.6)	333.6122	97.12501	7.125018	1	0.00706965	0.00706965	False	0	0	37.50262	False	True	0
1118	36	(-1.6, 1.0, 0.0)	(-4.7, 1.0, 0.0)	3.12188	0.0001154784	(-0.1, 0.9, 0.3, 0.3)	-36.8699	143.1301	1.067217E-06	(-0.1, 0.9, 0.3, 0.3)	323.1301	143.1301	1.067217E-06	1	0.000196627	0.000196627	False	0	0	36.61727	False	True	0
1171	37	(-1.6, 1.0, 0.0)	(-3.5, 1.0, 0.0)	1.892334	2.29571E-05	(0.1, 1.0, -0.2, 0.2)	23.80779	158.8387	6.911227	(0.1, 1.0, -0.2, 0.2)	23.80779	158.8387	6.911227	1	7.387474E-07	7.387474E-07	False	0	0	66.38677	False	True	0
1230	38	(-1.6, 1.0, 0.0)	(-2.8, 1.0, 0.0)	1.183992	3.784895E-06	(0.2, 0.7, -0.1, 0.7)	24.06464	91.82797	8.560891	(0.2, 0.7, -0.1, 0.7)	24.06464	91.82797	8.560891	1	1.475041E-09	1.475041E-09	False	0	0	57.87485	False	True	0
1290	39	(-1.6, 1.0, 0.0)	(-2.7, 1.0, 0.0)	1.063083	5.848706E-07	(0.0, 0.2, 0.0, 1.0)	0	22.61987	0	(0.0, 0.2, 0.0, 1.0)	0	22.61987	0	1	2.650663E-12	2.650663E-12	False	0	0	72.24731	False	True	0
1351	40	(-1.6, 1.0, 0.0)	(-2.7, 1.0, 0.0)	1.043529	6.519258E-08	(-0.3, 0.1, 0.1, 0.9)	-37.49524	9.462322	9.462322	(-0.3, 0.1, 0.1, 0.9)	322.5048	9.462322	9.462322	1	4.286942E-15	4.286942E-15	False	0	0	58.2599	False	True	0
1398	41	(-1.6, 1.0, 0.0)	(-2.7, 1.0, 0.0)	1.040779	0	(-0.2, 0.6, 0.2, 0.8)	-31.23291	72.34988	4.96974	(-0.2, 0.6, 0.2, 0.8)	328.7671	72.34988	4.96974	1	3.030717E-17	3.030717E-17	False	0	0	39.82339	False	True	0
1446	42	(-1.6, 1.0, 0.0)	(-2.7, 1.0, 0.0)	1.040115	0	(0.3, 0.6, -0.2, 0.7)	42.3354	83.65982	6.340196	(0.3, 0.6, -0.2, 0.7)	42.3354	83.65982	6.340196	1	1	1	False	0	0	54.89009	False	False	0
1497	43	(-1.6, 1.0, 0.0)	(-2.7, 1.0, 0.0)	1.039958	0	(0.3, 0.6, -0.2, 0.7)	42.3354	83.65982	6.340196	(0.3, 0.6, -0.2, 0.7)	42.3354	83.65982	6.340196	1	1	1	False	0	0	45.26836	False	False	0
1544	44	(-1.6, 1.0, 0.0)	(-2.7, 1.0, 0.0)	1.039926	0	(0.2, 0.7, -0.1, 0.7)	24.06464	91.82797	8.560891	(0.2, 0.7, -0.1, 0.7)	24.06464	91.82797	8.560891	1	1	1	False	0	0	47.68694	False	False	0
1584	45	(-1.6, 1.0, 0.0)	(-2.7, 1.0, 0.0)	1.039919	0	(0.0, 0.7, 0.0, 0.8)	0	82.37184	0	(0.0, 0.7, 0.0, 0.8)	0	82.37184	0	1	1	1	False	0	0	36.98933	False	False	0
1618	46	(-1.6, 1.0, 0.0)	(-2.7, 1.0, 0.0)	1.039919	0	(-0.1, 0.7, 0.1, 0.7)	-16.26019	90.00001	0	(-0.1, 0.7, 0.1, 0.7)	343.7398	90.00001	0	1	1	1	False	0	0	33.40218	False	False	0
1651	47	(-1.6, 1.0, 0.0)	(-3.3, 1.0, 0.0)	1.685384	0	(-0.1, 0.7, 0.1, 0.7)	-16.26019	90.00001	0	(-0.1, 0.7, 0.1, 0.7)	343.7398	90.00001	0	1	1	1	False	0	0	33.09266	False	False	0
1684	48	(-1.6, 1.0, 0.0)	(-3.6, 1.0, 0.0)	1.959351	0	(-0.1, 0.8, 0.2, 0.5)	-26.53909	115.3462	2.726312	(-0.1, 0.8, 0.2, 0.5)	333.4609	115.3462	2.726312	1	1	1	False	0	0	32.85557	False	False	0
1722	49	(-1.6, 1.0, 0.0)	(-3.7, 1.0, 0.0)	2.067797	0	(0.0, 1.0, 0.0, 0.3)	0	146.6015	0	(0.0, 1.0, 0.0, 0.3)	0	146.6015	0	1	0.3874205	0.3874205	False	0	0	37.29414	False	True	0
1762	50	(-1.6, 1.0, 0.0)	(-3.4, 1.0, 0.0)	1.749548	0	(0.0, 1.0, 0.3, 0.0)	-33.39847	180	0	(0.0, 1.0, 0.3, 0.0)	326.6015	180	0	1	0.005726417	0.005726417	False	0	0	42.18018	False	True	0
1798	51	(-1.6, 1.0, 0.0)	(-2.6, 1.0, 0.0)	1.003216	0	(0.1, 0.9, 0.3, -0.3)	-36.8699	-143.1301	-1.067217E-06	(0.1, 0.9, 0.3, -0.3)	323.1301	216.8699	-1.067217E-06	1	0.7176995	0.7176995	False	0	0	40.21119	False	False	0
1848	52	(-1.6, 1.0, 0.0)	(-1.9, 1.0, 0.0)	0.2432184	0	(0.2, 0.7, 0.3, -0.6)	-42.33539	-96.34015	-6.340179	(0.2, 0.7, 0.3, -0.6)	317.6646	263.6599	353.6598	1	0.04710128	0.04710128	False	0	0	46.19625	False	True	0
1900	53	(-1.6, 1.0, 0.0)	(-2.0, 1.0, 0.0)	0.4304699	0	(0.0, 0.8, 0.0, -0.7)	0	-97.62811	0	(0.0, 0.8, 0.0, -0.7)	0	262.3719	0	1	0.000196627	0.000196627	False	0	0	59.01263	False	True	0
1959	54	(-1.6, 1.0, 0.0)	(-2.1, 1.0, 0.0)	0.5073878	0	(0.1, 0.8, 0.2, -0.6)	-24.77444	-105.2024	-4.813538	(0.1, 0.8, 0.2, -0.6)	335.2256	254.7976	355.1865	1	3.926007E-07	3.926007E-07	False	0	0	57.34637	False	True	0
2006	55	(-1.6, 1.0, 0.0)	(-2.1, 1.0, 0.0)	0.5190214	0	(0.0, 1.0, 0.3, 0.1)	-33.05573	167.4712	3.731397	(0.0, 1.0, 0.3, 0.1)	326.9443	167.4712	3.731397	1	0.3439	0.3439	False	0	0	39.30215	False	False	0
2040	56	(-1.6, 1.0, 0.0)	(-2.1, 1.0, 0.0)	0.521377	0	(-0.1, 0.7, 0.1, 0.7)	-16.26019	90.00001	0	(-0.1, 0.7, 0.1, 0.7)	343.7398	90.00001	0	1	1	1	False	0	0	31.90179	False	False	0
2078	57	(-1.6, 1.0, 0.0)	(-2.1, 1.0, 0.0)	0.5222663	0	(-0.2, 0.1, 0.1, 1.0)	-23.3425	9.462324	9.462324	(-0.2, 0.1, 0.1, 1.0)	336.6575	9.462324	9.462324	1	1	1	False	0	0	48.02651	False	False	0
2127	58	(-1.6, 1.0, 0.0)	(-2.1, 1.0, 0.0)	0.5225824	0	(-0.3, 0.1, 0.1, 0.9)	-37.49524	9.462322	9.462322	(-0.3, 0.1, 0.1, 0.9)	322.5048	9.462322	9.462322	1	0.3138106	0.3138106	False	0	0	46.62695	False	True	0
2171	59	(-1.6, 1.0, 0.0)	(-2.1, 1.0, 0.0)	0.5226496	0	(-0.3, 0.2, 0.1, 0.9)	-37.62756	23.49857	4.573921	(-0.3, 0.2, 0.1, 0.9)	322.3724	23.49857	4.573921	1	0.003043252	0.003043252	False	0	0	41.20141	False	True	0
2210	60	(-1.6, 1.0, 0.0)	(-2.1, 1.0, 0.0)	0.5226659	0	(0.0, 0.4, 0.0, 0.9)	0	47.92498	0	(0.0, 0.4, 0.0, 0.9)	0	47.92498	0	1	0.9114206	0.9114206	False	0	0	41.49692	False	False	0
2249	61	(-1.6, 1.0, 0.0)	(-2.1, 1.0, 0.0)	0.5226699	0	(0.1, 0.7, -0.1, 0.6)	17.38858	99.00851	1.380354	(0.1, 0.7, -0.1, 0.6)	17.38858	99.00851	1.380354	1	1	1	False	0	0	38.44972	False	False	0
2287	62	(-1.6, 1.0, 0.0)	(-2.1, 1.0, 0.0)	0.5226699	0	(0.1, 0.6, 0.0, 0.8)	9.114958	74.29136	6.911227	(0.1, 0.6, 0.0, 0.8)	9.114958	74.29136	6.911227	1	1	1	False	0	0	36.65857	False	False	0
2314	63	(-1.6, 1.0, 0.0)	(-2.1, 1.0, 0.0)	0.5226699	0	(0.0, 0.7, 0.0, 0.7)	0	90	0	(0.0, 0.7, 0.0, 0.7)	0	90	0	1	1	1	False	0	0	25.85618	False	False	0
2338	64	(-1.6, 1.0, 0.0)	(-2.1, 1.0, 0.0)	0.5226699	0	(-0.1, 0.6, 0.1, 0.8)	-15.9328	73.41267	2.337305	(-0.1, 0.6, 0.1, 0.8)	344.0672	73.41267	2.337305	1	1	1	False	0	0	24.21	False	False	0
2362	65	(-1.6, 1.0, 0.0)	(-2.0, 1.0, 0.0)	0.3356218	0	(-0.2, 0.7, 0.2, 0.7)	-31.89078	90	0	(-0.2, 0.7, 0.2, 0.7)	328.1092	90	0	1	1	1	False	0	0	23.42514	False	False	0
2384	66	(-1.6, 1.0, 0.0)	(-1.6, 1.0, 0.0)	0.001104355	0	(-0.2, 0.7, 0.2, 0.7)	-31.89078	90	0	(-0.2, 0.7, 0.2, 0.7)	328.1092	90	0	1	0.109419	0.109419	False	0	0	22.9298	False	True	0
2409	67	(-1.6, 1.0, 0.0)	(-1.0, 1.0, 0.0)	0.6415928	0	(0.1, 0.6, -0.1, 0.8)	15.9328	73.41267	-2.337311	(0.1, 0.6, -0.1, 0.8)	15.9328	73.41267	357.6627	1	0.6003642	0.6003642	False	0	0	25.78559	False	False	0
2437	68	(-1.6, 1.0, 0.0)	(-0.4, 1.0, 0.0)	1.197813	0	(0.0, 0.7, 0.0, 0.7)	0	90	0	(0.0, 0.7, 0.0, 0.7)	0	90	0	1	0.1141703	0.1141703	False	0	0	27.016	False	True	0
2464	69	(-1.6, 1.0, 0.0)	(0.0, 1.0, 0.0)	1.598549	0	(0.0, 0.4, 0.0, 0.9)	0	47.92498	0	(0.0, 0.4, 0.0, 0.9)	0	47.92498	0	1	0.006638973	0.006638973	False	0	0	27.20131	False	True	0
2491	70	(-1.6, 1.0, 0.0)	(0.3, 1.0, 0.0)	1.895477	0	(-0.1, 0.4, 0.1, 0.9)	-15.22592	47.1211	6.009006	(-0.1, 0.4, 0.1, 0.9)	344.7741	47.1211	6.009006	1	0.3442861	0.3442861	False	0	0	26.34631	False	False	0
2516	71	(-1.6, 1.0, 0.0)	(0.4, 1.0, 0.0)	2.019518	0	(0.0, 0.5, 0.0, 0.9)	0	58.10921	0	(0.0, 0.5, 0.0, 0.9)	0	58.10921	0	1	0.9529265	0.9529265	False	0	0	24.60803	False	False	0
2543	72	(-1.6, 1.0, 0.0)	(0.8, 1.0, 0.0)	2.410352	0.006598236	(0.0, 0.9, 0.2, 0.3)	-22.51831	141.5463	7.943472	(0.0, 0.9, 0.2, 0.3)	337.4817	141.5463	7.943472	1	1	1	False	0	0	29.15514	False	False	0
2575	73	(-1.6, 1.0, 0.0)	(1.3, 1.0, 0.0)	2.905655	0.01590968	(0.1, 0.8, -0.1, 0.5)	16.60155	116.565	3.945186	(0.1, 0.8, -0.1, 0.5)	16.60155	116.565	3.945186	1	1	1	False	0	0	31.06905	False	False	0
2612	74	(-1.6, 1.0, 0.0)	(1.5, 1.0, 0.0)	3.108534	0.01972368	(0.1, 0.6, 0.0, 0.8)	9.114958	74.29136	6.911227	(0.1, 0.6, 0.0, 0.8)	9.114958	74.29136	6.911227	1	1	1	False	0	0	39.16956	False	False	0
2652	75	(-1.6, 1.0, 0.0)	(1.6, 1.0, 0.0)	3.177019	0.02101116	(0.0, 0.6, 0.0, 0.8)	0	73.73979	0	(0.0, 0.6, 0.0, 0.8)	0	73.73979	0	1	1	1	False	0	0	39.90057	False	False	0
2691	76	(-1.6, 1.0, 0.0)	(1.6, 1.0, 0.0)	3.197008	0.02138695	(0.0, 0.6, 0.0, 0.8)	0	73.73979	0	(0.0, 0.6, 0.0, 0.8)	0	73.73979	0	1	1	1	False	0	0	39.53403	False	False	0
2730	77	(-1.6, 1.0, 0.0)	(1.6, 1.0, 0.0)	3.203102	0.02150151	(-0.1, 0.6, 0.1, 0.8)	-15.9328	73.41267	2.337305	(-0.1, 0.6, 0.1, 0.8)	344.0672	73.41267	2.337305	1	0.81	0.81	False	0	0	37.5582	False	True	0
2767	78	(-1.6, 1.0, 0.0)	(1.7, 1.0, 0.0)	3.340724	0.02153546	(-0.1, 0.6, 0.1, 0.8)	-15.9328	73.41267	2.337305	(-0.1, 0.6, 0.1, 0.8)	344.0672	73.41267	2.337305	1	0.7026126	0.7026126	False	0	0	35.99716	False	False	0
2805	79	(-1.6, 1.0, 0.0)	(2.0, 1.0, 0.0)	3.602866	0.02154663	(0.0, 0.7, 0.0, 0.7)	0	90	0	(0.0, 0.7, 0.0, 0.7)	0	90	0	1	1	1	False	0	0	41.15892	False	False	0
2846	80	(-1.6, 1.0, 0.0)	(2.9, 1.0, 0.1)	4.535285	0.1441148	(0.0, 0.7, 0.0, 0.7)	0	90	0	(0.0, 0.7, 0.0, 0.7)	0	90	0	1	1	1	False	0	0	42.11073	False	False	0
2885	81	(-1.6, 1.0, 0.0)	(4.4, 1.0, 0.4)	6.03809	0.4334537	(0.0, 0.8, 0.0, 0.6)	0	106.2602	0	(0.0, 0.8, 0.0, 0.6)	0	106.2602	0	1	1	1	False	0	0	38.81575	False	False	0
2926	82	(-1.6, 1.0, 0.0)	(4.9, 1.0, 0.5)	6.508109	0.5239472	(0.0, 0.7, 0.0, 0.7)	0	90	0	(0.0, 0.7, 0.0, 0.7)	0	90	0	1	1	1	False	0	0	38.46193	False	False	0
2971	83	(-1.6, 1.0, 0.0)	(5.0, 1.0, 0.4)	6.571637	0.4115814	(-0.1, 0.4, 0.0, 0.9)	-10.5838	48.36647	-4.763641	(-0.1, 0.4, 0.0, 0.9)	349.4162	48.36647	355.2364	1	1	1	False	0	0	39.44636	False	False	0
3005	84	(-1.6, 1.0, 0.0)	(4.9, 1.0, 0.2)	6.506157	0.2439484	(-0.1, 0.4, 0.1, 0.9)	-15.22592	47.1211	6.009006	(-0.1, 0.4, 0.1, 0.9)	344.7741	47.1211	6.009006	1	0.185302	0.185302	False	0	0	35.20704	False	True	0
3038	85	(-1.6, 1.0, 0.0)	(5.0, 1.0, 0.4)	6.627251	0.4445474	(0.0, 0.7, 0.1, 0.7)	-8.129669	89.41537	8.21278	(0.0, 0.7, 0.1, 0.7)	351.8703	89.41537	8.21278	1	0.005726417	0.005726417	False	0	0	30.38218	False	True	0
3071	86	(-1.6, 1.0, 0.0)	(5.1, 1.0, 0.5)	6.671569	0.5179642	(0.2, 0.7, -0.2, 0.6)	33.99633	99.70666	2.97373	(0.2, 0.7, -0.2, 0.6)	33.99633	99.70666	2.97373	1	0.0001769643	0.0001769643	False	0	0	34.03341	False	True	0
3108	87	(-1.6, 1.0, 0.0)	(6.3, 1.0, 0.6)	7.926216	0.5797195	(0.2, 0.7, -0.1, 0.7)	24.06464	91.82797	8.560891	(0.2, 0.7, -0.1, 0.7)	24.06464	91.82797	8.560891	1	3.58805E-06	3.58805E-06	False	0	0	36.52057	False	True	0
3143	88	(-1.6, 1.0, 0.0)	(9.3, 1.0, 0.5)	10.92415	0.5504676	(0.0, 0.8, 0.0, 0.7)	0	97.62814	0	(0.0, 0.8, 0.0, 0.7)	0	97.62814	0	1	0.8784235	0.8784235	False	0	0	35.97334	False	False	0
3181	89	(-1.6, 1.0, 0.0)	(9.1, 1.0, 0.1)	10.7153	0.143448	(0.2, 0.7, -0.2, 0.7)	31.89079	90	0	(0.2, 0.7, -0.2, 0.7)	31.89079	90	0	1	0.02559431	0.02559431	False	0	0	36.24451	False	True	0
3221	90	(-1.6, 1.0, 0.0)	(9.2, 1.0, 0.0)	10.8001	0.01206208	(0.1, 0.7, -0.1, 0.7)	16.26021	90.00001	0	(0.1, 0.7, -0.1, 0.7)	16.26021	90.00001	0	1	0.0003783065	0.0003783065	False	0	0	39.97989	False	True	0
3260	91	(-1.6, 1.0, 0.0)	(9.9, 1.0, 0.0)	11.54978	0.005583299	(0.1, 0.7, -0.1, 0.7)	16.26021	90.00001	0	(0.1, 0.7, -0.1, 0.7)	16.26021	90.00001	0	1	6.213003E-06	6.213003E-06	False	0	0	35.4548	False	True	0
3301	92	(-1.6, 1.0, 0.0)	(11.1, 1.0, 0.1)	12.68466	0.1367267	(0.0, 0.8, 0.1, 0.6)	-9.11496	105.7086	6.911227	(0.0, 0.8, 0.1, 0.6)	350.885	105.7086	6.911227	1	8.265028E-08	8.265028E-08	False	0	0	39.30442	False	True	0
3344	93	(-1.6, 1.0, 0.0)	(11.4, 1.0, 0.2)	13.01792	0.1785174	(0.0, 1.0, 0.2, 0.1)	-22.39267	168.1113	2.361375	(0.0, 1.0, 0.2, 0.1)	337.6073	168.1113	2.361375	1	8.905783E-10	8.905783E-10	False	0	0	41.07221	False	True	0
3382	94	(-1.6, 1.0, 0.0)	(11.6, 1.0, 0.1)	13.2043	0.1750996	(0.0, 1.0, 0.0, -0.1)	0	-168.5788	0	(0.0, 1.0, 0.0, -0.1)	0	191.4212	0	1	1.625127E-11	1.625127E-11	False	0	0	37.04755	False	True	0
3432	95	(-1.6, 1.0, 0.0)	(12.9, 1.0, 0.0)	14.53539	0.004479058	(0.0, 0.9, 0.1, 0.4)	-10.5838	131.6335	4.763642	(0.0, 0.9, 0.1, 0.4)	349.4162	131.6335	4.763642	1	8.37554E-14	8.37554E-14	False	0	0	48.6828	False	True	0
3486	96	(-1.6, 1.0, 0.0)	(14.1, 1.0, -0.1)	15.69788	0.06066544	(0.0, 0.4, 0.0, 0.9)	0	47.92498	0	(0.0, 0.4, 0.0, 0.9)	0	47.92498	0	1	2.832099E-16	2.832099E-16	False	0	0	45.98402	False	True	0
3527	97	(-1.6, 1.0, 0.0)	(14.6, 1.0, -0.4)	16.19534	0.3709069	(-0.1, -0.2, 0.0, 1.0)	-10.98056	-22.83365	2.223962	(-0.1, -0.2, 0.0, 1.0)	349.0194	337.1664	2.223962	1	3.767483E-18	3.767483E-18	False	0	0	39.34993	False	True	0
3569	98	(-1.6, 1.0, 0.0)	(14.7, 1.0, -0.5)	16.33976	0.4609707	(-0.1, 0.1, 0.0, 1.0)	-11.30771	11.53462	-1.145721	(-0.1, 0.1, 0.0, 1.0)	348.6923	11.53462	358.8543	1	4.510624E-20	4.510624E-20	False	0	0	44.6348	False	True	0
3623	99	(-1.6, 1.0, 0.0)	(14.8, 1.0, -0.5)	16.4183	0.4760559	(0.2, 0.4, -0.1, 0.9)	25.5547	47.64254	-1.245361	(0.2, 0.4, -0.1, 0.9)	25.5547	47.64254	358.7546	1	1	1	False	0	0	54.43008	False	False	0
3686	100	(-1.6, 1.0, 0.0)	(15.7, 1.0, -0.2)	17.355	0.125034	(0.2, 0.5, -0.1, 0.8)	26.53911	64.65382	2.726312	(0.2, 0.5, -0.1, 0.8)	26.53911	64.65382	2.726312	1	1	1	False	0	0	60.0411	False	False	0
3746	101	(-1.6, 1.0, 0.0)	(15.9, 1.0, -0.1)	17.49021	0.07436451	(0.0, 0.1, 0.0, 1.0)	0	11.42119	0	(0.0, 0.1, 0.0, 1.0)	0	11.42119	0	1	1	1	False	0	0	59.29414	False	False	0
3798	102	(-1.6, 1.0, 0.0)	(15.9, 1.0, -0.1)	17.5108	0.06664732	(-0.1, 0.0, 0.0, 1.0)	-11.42117	0	0	(-0.1, 0.0, 0.0, 1.0)	348.5788	0	0	1	1	1	False	0	0	51.28886	False	False	0
3847	103	(-1.6, 1.0, 0.0)	(15.9, 1.0, -0.1)	17.51492	0.06510304	(0.1, -0.1, 0.0, 1.0)	11.30773	-11.53461	-1.145721	(0.1, -0.1, 0.0, 1.0)	11.30773	348.4654	358.8543	1	0.6600496	0.6600496	False	0	0	49.52794	False	False	0
3902	104	(-1.6, 1.0, 0.0)	(16.5, 1.0, 0.3)	18.12008	0.3668222	(0.1, -0.1, 0.0, 1.0)	11.30773	-11.53461	-1.145721	(0.1, -0.1, 0.0, 1.0)	11.30773	348.4654	358.8543	1	0.729	0.729	False	0	0	54.61132	False	True	0
3958	105	(-1.6, 1.0, 0.0)	(17.0, 1.0, 1.2)	18.64015	1.214192	(0.1, -0.1, 0.0, 1.0)	11.30773	-11.53461	-1.145721	(0.1, -0.1, 0.0, 1.0)	11.30773	348.4654	358.8543	1	0.001996678	0.001996678	False	0	0	56.43684	False	True	0
4008	106	(-1.6, 1.0, 0.0)	(16.7, 1.0, 0.6)	18.3614	0.655304	(0.1, -0.2, 0.0, 1.0)	10.98058	-22.83365	-2.223938	(0.1, -0.2, 0.0, 1.0)	10.98058	337.1664	357.7761	1	1.029043E-05	1.029043E-05	False	0	0	45.48424	False	True	0
4056	107	(-1.6, 1.0, 0.0)	(16.7, 1.0, 0.5)	18.29151	0.5161255	(0.2, -0.1, 0.0, 1.0)	22.39269	-11.88864	-2.361359	(0.2, -0.1, 0.0, 1.0)	22.39269	348.1114	357.6386	1	0.7458135	0.7458135	False	0	0	50.97004	False	False	0
4114	108	(-1.6, 1.0, 0.0)	(15.1, 1.0, 1.9)	16.761	1.889995	(0.0, -0.1, 0.0, 1.0)	0	-11.42117	0	(0.0, -0.1, 0.0, 1.0)	0	348.5788	0	1	1	1	False	0	0	62.86736	False	False	0
4165	109	(-1.6, 1.0, 0.0)	(14.9, 1.0, 2.1)	16.47276	2.15006	(-0.3, 0.0, 0.0, 1.0)	-33.39847	0	0	(-0.3, 0.0, 0.0, 1.0)	326.6015	0	0	1	0.03433684	0.03433684	False	0	0	49.5128	False	True	0
4216	110	(-1.6, 1.0, 0.0)	(14.8, 1.0, 2.2)	16.41179	2.20507	(-0.2, 0.0, 0.0, 1.0)	-22.61984	0	0	(-0.2, 0.0, 0.0, 1.0)	337.3802	0	0	1	0.0001592679	0.0001592679	False	0	0	52.7555	False	True	0
4277	111	(-1.6, 1.0, 0.0)	(14.8, 1.0, 2.6)	16.39798	2.67294	(0.2, 0.0, 0.0, 1.0)	22.61987	0	0	(0.2, 0.0, 0.0, 1.0)	22.61987	0	0	1	2.575853E-07	2.575853E-07	False	0	0	60.92422	False	True	0
4338	112	(-1.6, 1.0, 0.0)	(14.8, 1.0, 3.6)	16.39583	3.59822	(0.2, 0.4, -0.1, 0.9)	25.5547	47.64254	-1.245361	(0.2, 0.4, -0.1, 0.9)	25.5547	47.64254	358.7546	1	4.16595E-10	4.16595E-10	False	0	0	59.97764	False	True	0
4399	113	(-1.6, 1.0, 0.0)	(14.8, 1.0, 3.8)	16.39549	3.780895	(-0.2, 0.4, 0.1, 0.9)	-25.55469	47.64254	1.245364	(-0.2, 0.4, 0.1, 0.9)	334.4453	47.64254	1.245364	1	6.73763E-13	6.73763E-13	False	0	0	60.25725	False	True	0
4456	114	(-1.6, 1.0, 0.0)	(14.8, 1.0, 3.8)	16.39544	3.808707	(-0.3, 0.1, 0.0, 0.9)	-36.39911	14.22597	-4.698669	(-0.3, 0.1, 0.0, 0.9)	323.6009	14.22597	355.3013	1	1.660849E-15	1.660849E-15	False	0	0	58.31314	False	True	0
4506	115	(-1.6, 1.0, 0.0)	(14.8, 1.0, 3.8)	16.39544	3.813357	(-0.3, -0.3, -0.1, 0.9)	-36.8699	-36.8699	1.067217E-06	(-0.3, -0.3, -0.1, 0.9)	323.1301	323.1301	1.067217E-06	1	8.55964E-18	8.55964E-18	False	0	0	44.11911	False	True	0
4541	116	(-1.6, 1.0, 0.0)	(14.8, 1.0, 3.8)	16.39544	3.814208	(-0.1, -0.6, 0.0, 0.8)	-9.11496	-74.29135	6.911227	(-0.1, -0.6, 0.0, 0.8)	350.885	285.7086	6.911227	1	2.14261E-19	2.14261E-19	False	0	0	34.75155	False	True	0
4582	117	(-1.6, 1.0, 0.0)	(14.8, 1.0, 3.8)	16.39544	3.814527	(0.1, -0.3, 0.1, 0.9)	15.12167	-35.83765	7.765166	(0.1, -0.3, 0.1, 0.9)	15.12167	324.1624	7.765166	1	2.85027E-21	2.85027E-21	False	0	0	47.72053	False	True	0
4643	118	(-1.6, 1.0, 0.0)	(14.8, 1.0, 3.8)	16.39544	3.814635	(0.1, 0.0, 0.0, 1.0)	11.42119	0	0	(0.1, 0.0, 0.0, 1.0)	11.42119	0	0	1	4.609769E-24	4.609769E-24	False	0	0	62.48096	False	True	0
4698	119	(-1.6, 1.0, 0.0)	(14.8, 1.0, 3.8)	16.39544	3.814651	(-0.1, -0.3, 0.0, 0.9)	-11.40845	-37.25528	3.856801	(-0.1, -0.3, 0.0, 0.9)	348.5916	322.7447	3.856801	1	1	1	False	0	0	45.83665	False	False	0
4731	120	(-1.6, 1.0, 0.0)	(14.8, 1.0, 3.8)	16.39544	3.814651	(-0.1, -0.8, -0.1, 0.5)	-16.60153	-116.565	3.945186	(-0.1, -0.8, -0.1, 0.5)	343.3985	243.435	3.945186	1	1	1	False	0	0	31.86656	False	False	0
4760	121	(-1.6, 1.0, 0.0)	(14.8, 1.0, 3.8)	16.39544	3.814651	(-0.1, -1.0, -0.2, 0.1)	-23.3425	-170.5377	9.462324	(-0.1, -1.0, -0.2, 0.1)	336.6575	189.4623	9.462324	1	1	1	False	0	0	30.41909	False	False	0
4790	122	(-1.6, 1.0, 0.0)	(14.8, 1.0, 3.8)	16.39544	3.814651	(0.0, -1.0, -0.1, 0.1)	-11.30771	-168.4654	-1.145721	(0.0, -1.0, -0.1, 0.1)	348.6923	191.5346	358.8543	1	1	1	False	0	0	30.18474	False	False	0
4817	123	(-1.6, 1.0, 0.0)	(14.8, 1.0, 3.8)	16.39544	3.814651	(0.1, -0.9, 0.1, 0.5)	15.02612	-122.4712	-4.398682	(0.1, -0.9, 0.1, 0.5)	15.02612	237.5288	355.6013	1	1	1	False	0	0	28.43351	False	False	0
4846	124	(-1.6, 1.0, 0.0)	(14.8, 1.0, 3.3)	16.39544	3.342716	(0.1, -0.8, 0.2, 0.5)	26.53911	-115.3462	2.726312	(0.1, -0.8, 0.2, 0.5)	26.53911	244.6538	2.726312	1	1	1	False	0	0	30.89815	False	False	0
4876	125	(-1.6, 1.0, 0.0)	(14.8, 1.0, 3.0)	16.39544	3.005756	(0.0, -0.8, 0.0, 0.5)	0	-115.9892	0	(0.0, -0.8, 0.0, 0.5)	0	244.0108	0	1	1	1	False	0	0	30.84976	False	False	0
4905	126	(-1.6, 1.0, 0.0)	(14.8, 1.0, 2.8)	16.39544	2.87343	(-0.1, -0.8, -0.1, 0.6)	-15.9328	-106.5873	2.337305	(-0.1, -0.8, -0.1, 0.6)	344.0672	253.4127	2.337305	1	0.3486784	0.3486784	False	0	0	29.92555	False	True	0
4936	127	(-1.6, 1.0, 0.0)	(14.8, 1.0, 2.3)	16.39544	2.297083	(0.0, -0.8, 0.0, 0.7)	0	-97.62811	0	(0.0, -0.8, 0.0, 0.7)	0	262.3719	0	1	0.01330279	0.01330279	False	0	0	31.87713	False	True	0
4969	128	(-1.6, 1.0, 0.0)	(13.8, 1.0, 1.1)	15.42799	1.091812	(0.0, -0.8, 0.1, 0.7)	8.068151	-97.125	7.125017	(0.0, -0.8, 0.1, 0.7)	8.068151	262.875	7.125017	1	0.0004110982	0.0004110982	False	0	0	32.95812	False	True	0
5005	129	(-1.6, 1.0, 0.0)	(13.1, 1.0, 0.3)	14.70876	0.3359898	(0.0, -0.7, 0.0, 0.7)	0	-90	0	(0.0, -0.7, 0.0, 0.7)	0	270	0	1	9.261384E-06	9.261384E-06	False	0	0	36.97462	False	True	0
5040	130	(-1.6, 1.0, 0.0)	(12.3, 1.0, -0.4)	13.88286	0.3335457	(-0.1, -0.7, 0.0, 0.7)	-8.129669	-90.58459	8.21278	(-0.1, -0.7, 0.0, 0.7)	351.8703	269.4154	8.21278	1	2.318268E-07	2.318268E-07	False	0	0	36.12279	False	True	0
5078	131	(-1.6, 1.0, 0.0)	(11.8, 1.0, -0.8)	13.37424	0.7255177	(0.0, -0.7, 0.0, 0.7)	0	-90	0	(0.0, -0.7, 0.0, 0.7)	0	270	0	1	4.230375E-09	4.230375E-09	False	0	0	39.55873	False	True	0
5117	132	(-1.6, 1.0, 0.0)	(11.6, 1.0, -0.9)	13.21219	0.8504033	(0.1, -0.7, 0.1, 0.7)	16.26021	-90	0	(0.1, -0.7, 0.1, 0.7)	16.26021	270	0	1	0.1688846	0.1688846	False	0	0	38.89141	False	False	0
5154	133	(-1.6, 1.0, 0.0)	(11.5, 1.0, -0.9)	13.16414	0.887427	(0.0, -0.8, 0.1, 0.5)	10.24035	-115.4077	6.483074	(0.0, -0.8, 0.1, 0.5)	10.24035	244.5923	6.483074	1	1	1	False	0	0	34.96329	False	False	0
5188	134	(-1.6, 1.0, 0.0)	(11.5, 1.0, -0.9)	13.14929	0.8988728	(0.0, -0.8, 0.1, 0.5)	10.24035	-115.4077	6.483074	(0.0, -0.8, 0.1, 0.5)	10.24035	244.5923	6.483074	1	1	1	False	0	0	33.21867	False	False	0
5219	135	(-1.6, 1.0, 0.0)	(11.5, 1.0, -1.1)	13.1443	1.110559	(0.0, -0.8, 0.0, 0.6)	0	-106.2602	0	(0.0, -0.8, 0.0, 0.6)	0	253.7398	0	1	1	1	False	0	0	31.94831	False	False	0
5252	136	(-1.6, 1.0, 0.0)	(11.5, 1.0, -1.3)	13.14228	1.321943	(-0.1, -0.7, 0.0, 0.7)	-8.129669	-90.58459	8.21278	(-0.1, -0.7, 0.0, 0.7)	351.8703	269.4154	8.21278	1	1	1	False	0	0	30.82116	False	False	0
5276	137	(-1.6, 1.0, 0.0)	(11.5, 1.0, -1.4)	13.14168	1.385222	(-0.1, -0.7, 0.0, 0.7)	-8.129669	-90.58459	8.21278	(-0.1, -0.7, 0.0, 0.7)	351.8703	269.4154	8.21278	1	1	1	False	0	0	25.33867	False	False	0
5301	138	(-1.6, 1.0, 0.0)	(11.5, 1.0, -1.8)	13.14138	1.753043	(-0.1, -0.7, 0.0, 0.7)	-8.129669	-90.58459	8.21278	(-0.1, -0.7, 0.0, 0.7)	351.8703	269.4154	8.21278	1	1	1	False	0	0	25.2973	False	False	0
5326	139	(-1.6, 1.0, 0.0)	(11.5, 1.0, -1.7)	13.14124	1.6727	(-0.1, -0.7, 0.0, 0.7)	-8.129669	-90.58459	8.21278	(-0.1, -0.7, 0.0, 0.7)	351.8703	269.4154	8.21278	1	0.2824295	0.2824295	False	0	0	24.92239	False	True	0
5350	140	(-1.6, 1.0, 0.0)	(11.5, 1.0, -1.3)	13.14118	1.274674	(-0.1, -0.7, 0.0, 0.7)	-8.129669	-90.58459	8.21278	(-0.1, -0.7, 0.0, 0.7)	351.8703	269.4154	8.21278	1	0.6738499	0.6738499	False	0	0	23.72198	False	False	0
5375	141	(-1.6, 1.0, 0.0)	(11.5, 1.0, -1.1)	13.14115	1.07772	(-0.1, -0.7, 0.0, 0.7)	-8.129669	-90.58459	8.21278	(-0.1, -0.7, 0.0, 0.7)	351.8703	269.4154	8.21278	1	0.1433576	0.1433576	False	0	0	24.49156	False	True	0
5399	142	(-1.6, 1.0, 0.0)	(11.5, 1.0, -0.9)	13.14113	0.8411067	(-0.1, -0.7, 0.0, 0.7)	-8.129669	-90.58459	8.21278	(-0.1, -0.7, 0.0, 0.7)	351.8703	269.4154	8.21278	1	0.01143512	0.01143512	False	0	0	24.58735	False	True	0
5424	143	(-1.6, 1.0, 0.0)	(10.9, 1.0, -0.5)	12.53654	0.5042334	(-0.1, -0.7, 0.0, 0.7)	-8.129669	-90.58459	8.21278	(-0.1, -0.7, 0.0, 0.7)	351.8703	269.4154	8.21278	1	0.0008209253	0.0008209253	False	0	0	24.72816	False	True	0
5450	144	(-1.6, 1.0, 0.0)	(9.9, 1.0, -0.3)	11.48789	0.2519794	(0.0, -0.7, 0.0, 0.7)	0	-90	0	(0.0, -0.7, 0.0, 0.7)	0	270	0	1	0.7712851	0.7712851	False	0	0	25.35316	False	False	0
5476	145	(-1.6, 1.0, 0.0)	(9.4, 1.0, -0.2)	11.01289	0.137717	(0.0, -0.8, 0.1, 0.7)	8.068151	-97.125	7.125017	(0.0, -0.8, 0.1, 0.7)	8.068151	262.875	7.125017	1	1	1	False	0	0	26.70953	False	False	0
5501	146	(-1.6, 1.0, 0.0)	(9.2, 1.0, -0.1)	10.80324	0.08728562	(0.0, -0.7, 0.0, 0.7)	0	-90	0	(0.0, -0.7, 0.0, 0.7)	0	270	0	1	1	1	False	0	0	26.61868	False	False	0
5527	147	(-1.6, 1.0, 0.0)	(9.1, 1.0, -0.1)	10.70276	0.06311647	(-0.1, -0.7, 0.0, 0.7)	-8.129669	-90.58459	8.21278	(-0.1, -0.7, 0.0, 0.7)	351.8703	269.4154	8.21278	1	1	1	False	0	0	25.97765	False	False	0
5553	148	(-1.6, 1.0, 0.0)	(8.8, 1.0, -0.1)	10.45448	0.04803038	(-0.1, -0.7, 0.0, 0.7)	-8.129669	-90.58459	8.21278	(-0.1, -0.7, 0.0, 0.7)	351.8703	269.4154	8.21278	1	1	1	False	0	0	26.20963	False	False	0
5580	149	(-1.6, 1.0, 0.0)	(8.1, 1.0, -0.1)	9.752215	0.03318585	(-0.1, -0.7, -0.1, 0.7)	-16.26019	-90	0	(-0.1, -0.7, -0.1, 0.7)	343.7398	270	0	1	1	1	False	0	0	26.21424	False	False	0
5609	150	(-1.6, 1.0, 0.0)	(7.2, 1.0, -0.1)	8.768872	0.0263614	(-0.1, -0.7, 0.0, 0.7)	-8.129669	-90.58459	8.21278	(-0.1, -0.7, 0.0, 0.7)	351.8703	269.4154	8.21278	1	1	1	False	0	0	33.96701	False	False	0
5655	151	(-1.6, 1.0, 0.0)	(6.2, 1.0, 0.0)	7.775968	0.02273647	(0.0, -0.7, 0.0, 0.7)	0	-90	0	(0.0, -0.7, 0.0, 0.7)	0	270	0	1	1	1	False	0	0	48.21753	False	False	0
5704	152	(-1.6, 1.0, 0.0)	(5.6, 1.0, 0.0)	7.241467	0.02181808	(-0.1, -0.7, 0.0, 0.7)	-8.129669	-90.58459	8.21278	(-0.1, -0.7, 0.0, 0.7)	351.8703	269.4154	8.21278	1	0.6561	0.6561	False	0	0	48.73185	False	True	0
5748	153	(-1.6, 1.0, 0.0)	(4.8, 1.0, 0.0)	6.372632	0.02162148	(0.0, -0.7, 0.0, 0.7)	0	-90	0	(0.0, -0.7, 0.0, 0.7)	0	270	0	1	0.006362685	0.006362685	False	0	0	43.86539	False	True	0
5794	154	(-1.6, 1.0, 0.0)	(3.7, 1.0, 0.0)	5.349284	0.02156893	(-0.1, -0.7, 0.0, 0.7)	-8.129669	-90.58459	8.21278	(-0.1, -0.7, 0.0, 0.7)	351.8703	269.4154	8.21278	1	4.997994E-05	4.997994E-05	False	0	0	43.93749	False	True	0
5840	155	(-1.6, 1.0, 0.0)	(2.7, 1.0, 0.0)	4.276471	0.02155599	(0.0, -0.7, 0.0, 0.7)	0	-90	0	(0.0, -0.7, 0.0, 0.7)	0	270	0	1	3.926007E-07	3.926007E-07	False	0	0	48.42898	False	True	0
5888	156	(-1.6, 1.0, 0.0)	(1.6, 1.0, 0.0)	3.19555	0.0163853	(0.0, -0.7, 0.0, 0.7)	0	-90	0	(0.0, -0.7, 0.0, 0.7)	0	270	0	1	2.497994E-09	2.497994E-09	False	0	0	50.37025	False	True	0
5942	157	(-1.6, 1.0, 0.0)	(0.7, 1.0, 0.0)	2.334244	0.003163233	(-0.1, -0.7, 0.0, 0.7)	-8.129669	-90.58459	8.21278	(-0.1, -0.7, 0.0, 0.7)	351.8703	269.4154	8.21278	1	8.446697E-12	8.446697E-12	False	0	0	50.49046	False	True	0
5988	158	(-1.6, 1.0, 0.0)	(0.6, 1.0, 0.0)	2.178944	0.0007791892	(-0.1, -0.7, 0.0, 0.7)	-8.129669	-90.58459	8.21278	(-0.1, -0.7, 0.0, 0.7)	351.8703	269.4154	8.21278	1	6.635022E-14	6.635022E-14	False	0	0	44.10024	False	True	0
6035	159	(-1.6, 1.0, 0.0)	(0.5, 1.0, 0.0)	2.140315	0.0001861975	(-0.1, -0.7, 0.0, 0.7)	-8.129669	-90.58459	8.21278	(-0.1, -0.7, 0.0, 0.7)	351.8703	269.4154	8.21278	1	1	1	False	0	0	45.6359	False	False	0
6080	160	(-1.6, 1.0, 0.0)	(0.5, 1.0, 0.0)	2.131268	4.73056E-05	(-0.1, -0.7, 0.0, 0.7)	-8.129669	-90.58459	8.21278	(-0.1, -0.7, 0.0, 0.7)	351.8703	269.4154	8.21278	1	1	1	False	0	0	43.71992	False	False	0
6127	161	(-1.6, 1.0, 0.0)	(0.5, 1.0, 0.0)	2.128924	1.132675E-05	(0.0, -0.7, 0.1, 0.7)	8.129684	-89.41534	8.21278	(0.0, -0.7, 0.1, 0.7)	8.129684	270.5847	8.21278	1	1	1	False	0	0	49.21217	False	False	0
6175	162	(-1.6, 1.0, 0.0)	(0.5, 1.0, 0.0)	2.128359	2.648681E-06	(0.0, -0.7, 0.0, 0.7)	0	-90	0	(0.0, -0.7, 0.0, 0.7)	0	270	0	1	1	1	False	0	0	44.93955	False	False	0
6221	163	(-1.6, 1.0, 0.0)	(0.4, 1.0, 0.0)	1.979048	6.761402E-07	(0.0, -0.7, 0.0, 0.7)	0	-90	0	(0.0, -0.7, 0.0, 0.7)	0	270	0	1	1	1	False	0	0	46.82721	False	False	0
6266	164	(-1.6, 1.0, 0.0)	(-0.4, 1.0, 0.0)	1.181314	1.955777E-07	(-0.1, -0.7, 0.0, 0.7)	-8.129669	-90.58459	8.21278	(-0.1, -0.7, 0.0, 0.7)	351.8703	269.4154	8.21278	1	1	1	False	0	0	42.74947	False	False	0
6314	165	(-1.6, 1.0, 0.0)	(-1.4, 1.0, 0.0)	0.165033	6.705523E-08	(-0.1, -0.7, 0.0, 0.7)	-8.129669	-90.58459	8.21278	(-0.1, -0.7, 0.0, 0.7)	351.8703	269.4154	8.21278	1	1	1	False	0	0	48.93638	False	False	0
6364	166	(-1.6, 1.0, 0.0)	(-2.5, 1.0, 0.0)	0.8712598	5.960464E-08	(-0.1, -0.7, 0.0, 0.7)	-8.129669	-90.58459	8.21278	(-0.1, -0.7, 0.0, 0.7)	351.8703	269.4154	8.21278	1	0.4782969	0.4782969	False	0	0	48.95996	False	True	0
6415	167	(-1.6, 1.0, 0.0)	(-3.5, 1.0, 0.0)	1.885573	5.960464E-08	(-0.1, -0.7, 0.0, 0.7)	-8.129669	-90.58459	8.21278	(-0.1, -0.7, 0.0, 0.7)	351.8703	269.4154	8.21278	1	0.7734506	0.7734506	False	0	0	47.61706	False	False	0
6478	168	(-1.6, 1.0, 0.0)	(-4.6, 1.0, 0.0)	3.000026	5.960464E-08	(0.0, -0.7, 0.0, 0.7)	0	-90	0	(0.0, -0.7, 0.0, 0.7)	0	270	0	1	1	1	False	0	0	55.0057	False	False	0
6539	169	(-1.6, 1.0, 0.0)	(-5.2, 1.0, 0.0)	3.583032	5.960464E-08	(0.0, -0.7, 0.0, 0.7)	0	-90	0	(0.0, -0.7, 0.0, 0.7)	0	270	0	1	1	1	False	0	0	60.70139	False	False	0
6599	170	(-1.6, 1.0, 0.0)	(-5.3, 1.0, 0.0)	3.673451	5.960464E-08	(0.0, -0.7, 0.0, 0.7)	0	-90	0	(0.0, -0.7, 0.0, 0.7)	0	270	0	1	1	1	False	0	0	57.84974	False	False	0
6660	171	(-1.6, 1.0, 0.0)	(-5.8, 1.0, 0.0)	4.142825	5.960464E-08	(-0.1, -0.7, 0.0, 0.7)	-8.129669	-90.58459	8.21278	(-0.1, -0.7, 0.0, 0.7)	351.8703	269.4154	8.21278	1	1	1	False	0	0	60.31264	False	False	0
6720	172	(-1.6, 1.0, 0.0)	(-6.3, 1.0, 0.0)	4.667773	5.960464E-08	(-0.1, -0.7, 0.0, 0.7)	-8.129669	-90.58459	8.21278	(-0.1, -0.7, 0.0, 0.7)	351.8703	269.4154	8.21278	1	1	1	False	0	0	60.10488	False	False	0
6780	173	(-1.6, 1.0, 0.0)	(-6.8, 1.0, 0.0)	5.183681	0.01797884	(-0.1, -0.8, 0.0, 0.6)	-6.823547	-106.8087	9.180542	(-0.1, -0.8, 0.0, 0.6)	353.1765	253.1913	9.180542	1	1	1	False	0	0	58.68154	False	False	0
6840	174	(-1.6, 1.0, 0.0)	(-6.9, 1.0, 0.0)	5.269215	0.02097715	(-0.1, -1.0, 0.0, 0.1)	-1.123505	-168.6901	11.30993	(-0.1, -1.0, 0.0, 0.1)	358.8765	191.3099	11.30993	1	1	1	False	0	0	60.07716	False	False	0
6880	175	(-1.6, 1.0, 0.0)	(-7.3, 1.0, 0.0)	5.650216	0.02138179	(0.0, -0.8, -0.1, -0.6)	-9.11496	105.7086	6.911227	(0.0, -0.8, -0.1, -0.6)	350.885	105.7086	6.911227	1	1	1	False	0	0	34.69743	False	False	0
6914	176	(-1.6, 1.0, 0.0)	(-7.7, 1.0, 0.0)	6.084644	0.02149138	(0.0, -0.8, 0.0, -0.5)	0	115.9892	0	(0.0, -0.8, 0.0, -0.5)	0	115.9892	0	1	1	1	False	0	0	34.97303	False	False	0
6947	177	(-1.6, 1.0, 0.0)	(-8.8, 1.0, 0.0)	7.202873	0.02152962	(0.0, -0.9, 0.0, -0.5)	0	121.8908	0	(0.0, -0.9, 0.0, -0.5)	0	121.8908	0	1	1	1	False	0	0	32.53355	False	False	0
6976	178	(-1.6, 1.0, 0.0)	(-10.2, 1.0, 0.0)	8.564566	0.02154257	(0.0, -0.9, 0.0, -0.5)	0	121.8908	0	(0.0, -0.9, 0.0, -0.5)	0	121.8908	0	1	1	1	False	0	0	31.98575	False	False	0
7008	179	(-1.6, 1.0, 0.0)	(-10.5, 1.0, 0.0)	8.867021	0.02154825	(0.0, -0.8, 0.0, -0.5)	0	115.9892	0	(0.0, -0.8, 0.0, -0.5)	0	115.9892	0	1	1	1	False	0	0	33.82791	False	False	0
7041	180	(-1.6, 1.0, 0.0)	(-9.9, 1.0, 0.0)	8.328137	0.02155043	(0.0, -0.8, 0.0, -0.5)	0	115.9892	0	(0.0, -0.8, 0.0, -0.5)	0	115.9892	0	1	1	1	False	0	0	33.11911	False	False	0
7075	181	(-1.6, 1.0, 0.0)	(-10.7, 1.0, 0.5)	9.043712	0.4862871	(0.0, -0.8, 0.0, -0.5)	0	115.9892	0	(0.0, -0.8, 0.0, -0.5)	0	115.9892	0	1	1	1	False	0	0	35.04108	False	False	0
7110	182	(-1.6, 1.0, 0.0)	(-11.0, 1.0, 0.7)	9.377522	0.6902747	(0.0, -0.9, 0.0, -0.5)	0	121.8908	0	(0.0, -0.9, 0.0, -0.5)	0	121.8908	0	1	1	1	False	0	0	33.79596	False	False	0
7144	183	(-1.6, 1.0, 0.0)	(-11.1, 1.0, 0.7)	9.490604	0.7593784	(0.0, -0.8, -0.1, -0.6)	-9.11496	105.7086	6.911227	(0.0, -0.8, -0.1, -0.6)	350.885	105.7086	6.911227	1	1	1	False	0	0	34.24915	False	False	0
7176	184	(-1.6, 1.0, 0.0)	(-11.1, 1.0, 0.8)	9.529364	0.7830626	(0.0, -0.7, -0.1, -0.7)	-8.129669	89.41537	8.21278	(0.0, -0.7, -0.1, -0.7)	351.8703	89.41537	8.21278	1	1	1	False	0	0	33.01176	False	False	0
7210	185	(-1.6, 1.0, 0.0)	(-9.3, 1.0, 0.3)	7.701903	0.3471257	(0.0, -0.8, 0.0, -0.7)	0	97.62814	0	(0.0, -0.8, 0.0, -0.7)	0	97.62814	0	1	1	1	False	0	0	34.18981	False	False	0
7243	186	(-1.6, 1.0, 0.0)	(-8.5, 1.0, 0.1)	6.83948	0.140708	(0.1, -0.6, 0.2, -0.8)	4.369627	72.77656	-24.85156	(0.1, -0.6, 0.2, -0.8)	4.369627	72.77656	335.1484	1	1	1	False	0	0	33.17211	False	False	0
7276	187	(-1.6, 1.0, 0.0)	(-8.1, 1.0, 0.0)	6.523842	0.0651615	(-0.1, -0.7, 0.0, -0.7)	8.129684	90.58463	8.21278	(-0.1, -0.7, 0.0, -0.7)	8.129684	90.58463	8.21278	1	1	1	False	0	0	33.91854	False	False	0
7313	188	(-1.6, 1.0, 0.0)	(-8.0, 1.0, 0.0)	6.400673	0.03568157	(-0.2, -0.6, 0.1, -0.8)	24.77447	74.79758	4.81355	(-0.2, -0.6, 0.1, -0.8)	24.77447	74.79758	4.81355	1	1	1	False	0	0	38.71281	False	False	0
7359	189	(-1.6, 1.0, 0.0)	(-8.0, 1.0, 0.0)	6.356182	0.02503216	(-0.1, 0.0, 0.0, -1.0)	11.42119	0	0	(-0.1, 0.0, 0.0, -1.0)	11.42119	0	0	1	1	1	False	0	0	60.53111	False	False	0
7422	190	(-1.6, 1.0, 0.0)	(-8.0, 1.0, 0.0)	6.343773	0.0220625	(-0.1, 0.7, 0.0, -0.7)	8.129684	-90.58459	-8.212769	(-0.1, 0.7, 0.0, -0.7)	8.129684	269.4154	351.7872	1	1	1	False	0	0	61.54248	False	False	0
7479	191	(-1.6, 1.0, 0.0)	(-8.0, 1.0, 0.0)	6.342016	0.02164169	(0.0, 1.0, -0.1, 0.0)	11.42119	180	0	(0.0, 1.0, -0.1, 0.0)	11.42119	180	0	1	1	1	False	0	0	61.64666	False	False	0
7539	192	(-1.6, 1.0, 0.0)	(-8.0, 1.0, 0.0)	6.3417	0.02156617	(0.0, 0.9, -0.2, -0.3)	22.51832	-141.5463	7.943472	(0.0, 0.9, -0.2, -0.3)	22.51832	218.4537	7.943472	1	1	1	False	0	0	62.20355	False	False	0
7599	193	(-1.6, 1.0, 0.0)	(-8.0, 1.0, 0.0)	6.341649	0.02155402	(0.0, 1.0, -0.1, 0.0)	11.42119	180	0	(0.0, 1.0, -0.1, 0.0)	11.42119	180	0	1	1	1	False	0	0	61.2308	False	False	0
7659	194	(-1.6, 1.0, 0.0)	(-8.0, 1.0, 0.0)	6.341647	0.02155207	(0.0, 1.0, 0.1, 0.0)	-11.42117	180	0	(0.0, 1.0, 0.1, 0.0)	348.5788	180	0	1	1	1	False	0	0	60.6365	False	False	0
7717	195	(-1.6, 1.0, 0.0)	(-8.0, 1.0, 0.0)	6.341647	0.02155176	(0.0, 1.0, 0.1, 0.0)	-11.42117	180	0	(0.0, 1.0, 0.1, 0.0)	348.5788	180	0	1	1	1	False	0	0	54.66044	False	False	0
7778	196	(-1.6, 1.0, 0.0)	(-8.0, 1.0, 0.0)	6.341647	0.0215517	(0.0, 1.0, 0.1, 0.0)	-11.42117	180	0	(0.0, 1.0, 0.1, 0.0)	348.5788	180	0	1	1	1	False	0	0	59.46864	False	False	0
7835	197	(-1.6, 1.0, 0.0)	(-8.0, 1.0, 0.0)	6.341647	0.0215517	(0.0, 1.0, 0.1, 0.0)	-11.42117	180	0	(0.0, 1.0, 0.1, 0.0)	348.5788	180	0	1	1	1	False	0	0	55.24489	False	False	0
7891	198	(-1.6, 1.0, 0.0)	(-8.0, 1.0, 0.0)	6.341647	0.0215517	(0.0, 1.0, 0.1, 0.0)	-11.42117	180	0	(0.0, 1.0, 0.1, 0.0)	348.5788	180	0	1	1	1	False	0	0	55.36617	False	False	0
7949	199	(-1.6, 1.0, 0.0)	(-8.0, 1.0, 0.0)	6.341647	0.0215517	(0.0, 1.0, 0.1, 0.0)	-11.42117	180	0	(0.0, 1.0, 0.1, 0.0)	348.5788	180	0	1	1	1	False	0	0	56.88315	False	False	0
8006	200	(-1.6, 1.0, 0.0)	(-8.0, 1.0, 0.0)	6.341647	0.0215517	(0.0, 1.0, 0.1, 0.0)	-11.42117	180	0	(0.0, 1.0, 0.1, 0.0)	348.5788	180	0	1	1	1	False	0	0	57.7119	False	False	0
8055	201	(-1.6, 1.0, 0.0)	(-8.0, 1.0, 0.0)	6.341647	0.0215517	(0.0, 1.0, 0.1, 0.0)	-11.42117	180	0	(0.0, 1.0, 0.1, 0.0)	348.5788	180	0	1	1	1	False	0	0	41.22427	False	False	0
8095	202	(-1.6, 1.0, 0.0)	(-8.0, 1.0, 0.0)	6.341647	0.0215517	(0.0, 1.0, 0.1, 0.0)	-11.42117	180	0	(0.0, 1.0, 0.1, 0.0)	348.5788	180	0	1	1	1	False	0	0	41.7951	False	False	0
8135	203	(-1.6, 1.0, 0.0)	(-8.0, 1.0, 0.0)	6.341647	0.0215517	(0.0, 1.0, 0.1, 0.0)	-11.42117	180	0	(0.0, 1.0, 0.1, 0.0)	348.5788	180	0	1	1	1	False	0	0	39.53968	False	False	0
8175	204	(-1.6, 1.0, 0.0)	(-8.0, 1.0, 0.0)	6.341647	0.0215517	(0.0, 1.0, 0.1, 0.0)	-11.42117	180	0	(0.0, 1.0, 0.1, 0.0)	348.5788	180	0	1	1	1	False	0	0	40.28254	False	False	0
8214	205	(-1.6, 1.0, 0.0)	(-8.0, 1.0, 0.0)	6.341647	0.0215517	(0.0, 1.0, 0.1, 0.0)	-11.42117	180	0	(0.0, 1.0, 0.1, 0.0)	348.5788	180	0	1	1	1	False	0	0	39.58483	False	False	0
8254	206	(-1.6, 1.0, 0.0)	(-8.0, 1.0, 0.0)	6.341647	0.0215517	(0.0, 1.0, 0.1, 0.0)	-11.42117	180	0	(0.0, 1.0, 0.1, 0.0)	348.5788	180	0	1	1	1	False	0	0	39.60609	False	False	0
8294	207	(-1.6, 1.0, 0.0)	(-8.0, 1.0, 0.0)	6.341647	0.0215517	(0.0, 1.0, 0.1, 0.0)	-11.42117	180	0	(0.0, 1.0, 0.1, 0.0)	348.5788	180	0	1	1	1	False	0	0	38.38857	False	False	0
8333	208	(-1.6, 1.0, 0.0)	(-8.0, 1.0, 0.0)	6.341647	0.0215517	(0.0, 1.0, 0.1, 0.0)	-11.42117	180	0	(0.0, 1.0, 0.1, 0.0)	348.5788	180	0	1	1	1	False	0	0	39.35726	False	False	0
8373	209	(-1.6, 1.0, 0.0)	(-8.0, 1.0, 0.0)	6.341647	0.0215517	(0.0, 1.0, 0.1, 0.0)	-11.42117	180	0	(0.0, 1.0, 0.1, 0.0)	348.5788	180	0	1	1	1	False	0	0	40.05907	False	False	0
8412	210	(-1.6, 1.0, 0.0)	(-8.0, 1.0, 0.0)	6.341647	0.0215517	(0.0, 1.0, 0.1, 0.0)	-11.42117	180	0	(0.0, 1.0, 0.1, 0.0)	348.5788	180	0	1	1	1	False	0	0	40.15724	False	False	0
8450	211	(-1.6, 1.0, 0.0)	(-8.0, 1.0, 0.0)	6.341647	0.0215517	(0.0, 1.0, 0.1, 0.0)	-11.42117	180	0	(0.0, 1.0, 0.1, 0.0)	348.5788	180	0	1	1	1	False	0	0	37.9295	False	False	0
8489	212	(-1.6, 1.0, 0.0)	(-8.0, 1.0, 0.0)	6.341647	0.0215517	(0.0, 1.0, 0.1, 0.0)	-11.42117	180	0	(0.0, 1.0, 0.1, 0.0)	348.5788	180	0	1	1	1	False	0	0	39.19545	False	False	0
8529	213	(-1.6, 1.0, 0.0)	(-8.0, 1.0, 0.0)	6.341647	0.0215517	(0.0, 1.0, 0.1, 0.0)	-11.42117	180	0	(0.0, 1.0, 0.1, 0.0)	348.5788	180	0	1	1	1	False	0	0	40.93587	False	False	0
8568	214	(-1.6, 1.0, 0.0)	(-8.0, 1.0, 0.0)	6.341647	0.0215517	(0.0, 1.0, 0.1, 0.0)	-11.42117	180	0	(0.0, 1.0, 0.1, 0.0)	348.5788	180	0	1	1	1	False	0	0	39.08294	False	False	0
8608	215	(-1.6, 1.0, 0.0)	(-8.0, 1.0, 0.0)	6.341647	0.0215517	(0.0, 1.0, 0.1, 0.0)	-11.42117	180	0	(0.0, 1.0, 0.1, 0.0)	348.5788	180	0	1	1	1	False	0	0	41.94384	False	False	0
8647	216	(-1.6, 1.0, 0.0)	(-8.0, 1.0, 0.0)	6.341647	0.0215517	(0.0, 1.0, 0.1, 0.0)	-11.42117	180	0	(0.0, 1.0, 0.1, 0.0)	348.5788	180	0	1	1	1	False	0	0	40.21584	False	False	0
8687	217	(-1.6, 1.0, 0.0)	(-8.0, 1.0, 0.0)	6.341647	0.0215517	(0.0, 1.0, 0.1, 0.0)	-11.42117	180	0	(0.0, 1.0, 0.1, 0.0)	348.5788	180	0	1	1	1	False	0	0	38.62347	False	False	0
8727	218	(-1.6, 1.0, 0.0)	(-8.0, 1.0, 0.0)	6.341647	0.0215517	(0.0, 1.0, 0.1, 0.0)	-11.42117	180	0	(0.0, 1.0, 0.1, 0.0)	348.5788	180	0	1	1	1	False	0	0	41.00336	False	False	0
8765	219	(-1.6, 1.0, 0.0)	(-8.0, 1.0, 0.0)	6.341647	0.0215517	(0.0, 1.0, 0.1, 0.0)	-11.42117	180	0	(0.0, 1.0, 0.1, 0.0)	348.5788	180	0	1	1	1	False	0	0	37.91541	False	False	0
8803	220	(-1.6, 1.0, 0.0)	(-8.0, 1.0, 0.0)	6.341647	0.0215517	(0.0, 1.0, 0.1, 0.0)	-11.42117	180	0	(0.0, 1.0, 0.1, 0.0)	348.5788	180	0	1	1	1	False	0	0	36.56941	False	False	0
8841	221	(-1.6, 1.0, 0.0)	(-8.0, 1.0, 0.0)	6.341647	0.0215517	(0.0, 1.0, 0.1, 0.0)	-11.42117	180	0	(0.0, 1.0, 0.1, 0.0)	348.5788	180	0	1	1	1	False	0	0	38.42405	False	False	0
8879	222	(-1.6, 1.0, 0.0)	(-8.0, 1.0, 0.0)	6.341647	0.0215517	(0.0, 1.0, 0.1, 0.0)	-11.42117	180	0	(0.0, 1.0, 0.1, 0.0)	348.5788	180	0	1	1	1	False	0	0	38.1601	False	False	0
8918	223	(-1.6, 1.0, 0.0)	(-8.0, 1.0, 0.0)	6.341647	0.0215517	(0.0, 1.0, 0.1, 0.0)	-11.42117	180	0	(0.0, 1.0, 0.1, 0.0)	348.5788	180	0	1	1	1	False	0	0	37.37711	False	False	0
8955	224	(-1.6, 1.0, 0.0)	(-8.0, 1.0, 0.0)	6.341647	0.0215517	(0.0, 1.0, 0.1, 0.0)	-11.42117	180	0	(0.0, 1.0, 0.1, 0.0)	348.5788	180	0	1	1	1	False	0	0	38.53976	False	False	0
8992	225	(-1.6, 1.0, 0.0)	(-8.0, 1.0, 0.0)	6.341647	0.0215517	(0.0, 1.0, 0.1, 0.0)	-11.42117	180	0	(0.0, 1.0, 0.1, 0.0)	348.5788	180	0	1	1	1	False	0	0	37.14766	False	False	0
9031	226	(-1.6, 1.0, 0.0)	(-8.0, 1.0, 0.0)	6.341647	0.0215517	(0.0, 1.0, 0.1, 0.0)	-11.42117	180	0	(0.0, 1.0, 0.1, 0.0)	348.5788	180	0	1	1	1	False	0	0	37.0778	False	False	0
9069	227	(-1.6, 1.0, 0.0)	(-8.0, 1.0, 0.0)	6.341647	0.0215517	(0.0, 1.0, 0.1, 0.0)	-11.42117	180	0	(0.0, 1.0, 0.1, 0.0)	348.5788	180	0	1	1	1	False	0	0	39.1832	False	False	0
